  stdafx.cpp
  RecoilMain.cpp
e:\vsproject\new folder\recoilmain\recoilmain\recoilmain.cpp(70): warning C4244: 'initializing': conversion from 'double' to 'int32_t', possible loss of data
e:\vsproject\new folder\recoilmain\recoilmain\recoilmain.cpp(73): warning C4244: 'initializing': conversion from 'double' to 'int32_t', possible loss of data
e:\vsproject\new folder\recoilmain\recoilmain\recoilmain.cpp(99): warning C4244: 'initializing': conversion from 'double' to 'int32_t', possible loss of data
e:\vsproject\new folder\recoilmain\recoilmain\recoilmain.cpp(102): warning C4244: 'initializing': conversion from 'double' to 'int32_t', possible loss of data
e:\vsproject\new folder\recoilmain\recoilmain\recoilmain.cpp(128): warning C4244: 'initializing': conversion from 'double' to 'int32_t', possible loss of data
e:\vsproject\new folder\recoilmain\recoilmain\recoilmain.cpp(131): warning C4244: 'initializing': conversion from 'double' to 'int32_t', possible loss of data
e:\vsproject\new folder\recoilmain\recoilmain\recoilmain.cpp(157): warning C4244: 'initializing': conversion from 'double' to 'int32_t', possible loss of data
e:\vsproject\new folder\recoilmain\recoilmain\recoilmain.cpp(160): warning C4244: 'initializing': conversion from 'double' to 'int32_t', possible loss of data
e:\vsproject\new folder\recoilmain\recoilmain\recoilmain.cpp(185): warning C4244: 'initializing': conversion from 'double' to 'int32_t', possible loss of data
e:\vsproject\new folder\recoilmain\recoilmain\recoilmain.cpp(188): warning C4244: 'initializing': conversion from 'double' to 'int32_t', possible loss of data
e:\vsproject\new folder\recoilmain\recoilmain\recoilmain.cpp(214): warning C4244: 'initializing': conversion from 'double' to 'int32_t', possible loss of data
e:\vsproject\new folder\recoilmain\recoilmain\recoilmain.cpp(217): warning C4244: 'initializing': conversion from 'double' to 'int32_t', possible loss of data
e:\vsproject\new folder\recoilmain\recoilmain\recoilmain.cpp(243): warning C4244: 'initializing': conversion from 'double' to 'int32_t', possible loss of data
e:\vsproject\new folder\recoilmain\recoilmain\recoilmain.cpp(246): warning C4244: 'initializing': conversion from 'double' to 'int32_t', possible loss of data
e:\vsproject\new folder\recoilmain\recoilmain\recoilmain.cpp(272): warning C4244: 'initializing': conversion from 'double' to 'int32_t', possible loss of data
e:\vsproject\new folder\recoilmain\recoilmain\recoilmain.cpp(275): warning C4244: 'initializing': conversion from 'double' to 'int32_t', possible loss of data
e:\vsproject\new folder\recoilmain\recoilmain\recoilmain.cpp(300): warning C4244: 'initializing': conversion from 'double' to 'int32_t', possible loss of data
e:\vsproject\new folder\recoilmain\recoilmain\recoilmain.cpp(303): warning C4244: 'initializing': conversion from 'double' to 'int32_t', possible loss of data
  Generating code
  13 of 13 functions (100.0%) were compiled.
    0 functions were new in current compilation
    0 functions had inline decision re-evaluated but remain unchanged
  Finished generating code
  RecoilMain.vcxproj -> E:\VSProject\New folder\RecoilMain\x64\Release\RecoilMain.exe
